<?xml version="1.0" encoding="UTF-8"?>
<testsuite xmlns:xsi="http://www.w3.org/2001/XMLSchema-instance" xsi:noNamespaceSchemaLocation="https://maven.apache.org/surefire/maven-surefire-plugin/xsd/surefire-test-report.xsd" name="com.akun.demo.DemoApplicationTests" time="10.475" tests="1" errors="0" skipped="0" failures="0">
  <properties>
    <property name="sun.desktop" value="windows"/>
    <property name="awt.toolkit" value="sun.awt.windows.WToolkit"/>
    <property name="file.encoding.pkg" value="sun.io"/>
    <property name="java.specification.version" value="1.8"/>
    <property name="sun.cpu.isalist" value="amd64"/>
    <property name="sun.jnu.encoding" value="GBK"/>
    <property name="java.class.path" value="D:\题and代码\2020.11.18开始\接的项目\demo-20220411-maruitao-bisai\target\test-classes;D:\题and代码\2020.11.18开始\接的项目\demo-20220411-maruitao-bisai\target\classes;E:\Program Files\maven_work\maven_respository\repository\org\springframework\boot\spring-boot-starter-web\2.5.2\spring-boot-starter-web-2.5.2.jar;E:\Program Files\maven_work\maven_respository\repository\org\springframework\boot\spring-boot-starter\2.5.2\spring-boot-starter-2.5.2.jar;E:\Program Files\maven_work\maven_respository\repository\org\springframework\boot\spring-boot\2.5.2\spring-boot-2.5.2.jar;E:\Program Files\maven_work\maven_respository\repository\org\springframework\boot\spring-boot-starter-logging\2.5.2\spring-boot-starter-logging-2.5.2.jar;E:\Program Files\maven_work\maven_respository\repository\ch\qos\logback\logback-classic\1.2.3\logback-classic-1.2.3.jar;E:\Program Files\maven_work\maven_respository\repository\ch\qos\logback\logback-core\1.2.3\logback-core-1.2.3.jar;E:\Program Files\maven_work\maven_respository\repository\org\apache\logging\log4j\log4j-to-slf4j\2.14.1\log4j-to-slf4j-2.14.1.jar;E:\Program Files\maven_work\maven_respository\repository\org\apache\logging\log4j\log4j-api\2.14.1\log4j-api-2.14.1.jar;E:\Program Files\maven_work\maven_respository\repository\org\slf4j\jul-to-slf4j\1.7.31\jul-to-slf4j-1.7.31.jar;E:\Program Files\maven_work\maven_respository\repository\jakarta\annotation\jakarta.annotation-api\1.3.5\jakarta.annotation-api-1.3.5.jar;E:\Program Files\maven_work\maven_respository\repository\org\yaml\snakeyaml\1.28\snakeyaml-1.28.jar;E:\Program Files\maven_work\maven_respository\repository\org\springframework\boot\spring-boot-starter-json\2.5.2\spring-boot-starter-json-2.5.2.jar;E:\Program Files\maven_work\maven_respository\repository\com\fasterxml\jackson\datatype\jackson-datatype-jdk8\2.12.3\jackson-datatype-jdk8-2.12.3.jar;E:\Program Files\maven_work\maven_respository\repository\com\fasterxml\jackson\datatype\jackson-datatype-jsr310\2.12.3\jackson-datatype-jsr310-2.12.3.jar;E:\Program Files\maven_work\maven_respository\repository\com\fasterxml\jackson\module\jackson-module-parameter-names\2.12.3\jackson-module-parameter-names-2.12.3.jar;E:\Program Files\maven_work\maven_respository\repository\org\springframework\boot\spring-boot-starter-tomcat\2.5.2\spring-boot-starter-tomcat-2.5.2.jar;E:\Program Files\maven_work\maven_respository\repository\org\apache\tomcat\embed\tomcat-embed-core\9.0.48\tomcat-embed-core-9.0.48.jar;E:\Program Files\maven_work\maven_respository\repository\org\apache\tomcat\embed\tomcat-embed-el\9.0.48\tomcat-embed-el-9.0.48.jar;E:\Program Files\maven_work\maven_respository\repository\org\apache\tomcat\embed\tomcat-embed-websocket\9.0.48\tomcat-embed-websocket-9.0.48.jar;E:\Program Files\maven_work\maven_respository\repository\org\springframework\spring-web\5.3.8\spring-web-5.3.8.jar;E:\Program Files\maven_work\maven_respository\repository\org\springframework\spring-beans\5.3.8\spring-beans-5.3.8.jar;E:\Program Files\maven_work\maven_respository\repository\org\springframework\spring-webmvc\5.3.8\spring-webmvc-5.3.8.jar;E:\Program Files\maven_work\maven_respository\repository\org\springframework\spring-aop\5.3.8\spring-aop-5.3.8.jar;E:\Program Files\maven_work\maven_respository\repository\org\springframework\spring-context\5.3.8\spring-context-5.3.8.jar;E:\Program Files\maven_work\maven_respository\repository\org\springframework\spring-expression\5.3.8\spring-expression-5.3.8.jar;E:\Program Files\maven_work\maven_respository\repository\org\springframework\boot\spring-boot-starter-test\2.5.2\spring-boot-starter-test-2.5.2.jar;E:\Program Files\maven_work\maven_respository\repository\org\springframework\boot\spring-boot-test\2.5.2\spring-boot-test-2.5.2.jar;E:\Program Files\maven_work\maven_respository\repository\org\springframework\boot\spring-boot-test-autoconfigure\2.5.2\spring-boot-test-autoconfigure-2.5.2.jar;E:\Program Files\maven_work\maven_respository\repository\com\jayway\jsonpath\json-path\2.5.0\json-path-2.5.0.jar;E:\Program Files\maven_work\maven_respository\repository\net\minidev\json-smart\2.4.7\json-smart-2.4.7.jar;E:\Program Files\maven_work\maven_respository\repository\net\minidev\accessors-smart\2.4.7\accessors-smart-2.4.7.jar;E:\Program Files\maven_work\maven_respository\repository\org\ow2\asm\asm\9.1\asm-9.1.jar;E:\Program Files\maven_work\maven_respository\repository\jakarta\xml\bind\jakarta.xml.bind-api\2.3.3\jakarta.xml.bind-api-2.3.3.jar;E:\Program Files\maven_work\maven_respository\repository\jakarta\activation\jakarta.activation-api\1.2.2\jakarta.activation-api-1.2.2.jar;E:\Program Files\maven_work\maven_respository\repository\org\assertj\assertj-core\3.19.0\assertj-core-3.19.0.jar;E:\Program Files\maven_work\maven_respository\repository\org\hamcrest\hamcrest\2.2\hamcrest-2.2.jar;E:\Program Files\maven_work\maven_respository\repository\org\junit\jupiter\junit-jupiter\5.7.2\junit-jupiter-5.7.2.jar;E:\Program Files\maven_work\maven_respository\repository\org\junit\jupiter\junit-jupiter-api\5.7.2\junit-jupiter-api-5.7.2.jar;E:\Program Files\maven_work\maven_respository\repository\org\apiguardian\apiguardian-api\1.1.0\apiguardian-api-1.1.0.jar;E:\Program Files\maven_work\maven_respository\repository\org\opentest4j\opentest4j\1.2.0\opentest4j-1.2.0.jar;E:\Program Files\maven_work\maven_respository\repository\org\junit\platform\junit-platform-commons\1.7.2\junit-platform-commons-1.7.2.jar;E:\Program Files\maven_work\maven_respository\repository\org\junit\jupiter\junit-jupiter-params\5.7.2\junit-jupiter-params-5.7.2.jar;E:\Program Files\maven_work\maven_respository\repository\org\junit\jupiter\junit-jupiter-engine\5.7.2\junit-jupiter-engine-5.7.2.jar;E:\Program Files\maven_work\maven_respository\repository\org\junit\platform\junit-platform-engine\1.7.2\junit-platform-engine-1.7.2.jar;E:\Program Files\maven_work\maven_respository\repository\org\mockito\mockito-core\3.9.0\mockito-core-3.9.0.jar;E:\Program Files\maven_work\maven_respository\repository\net\bytebuddy\byte-buddy\1.10.22\byte-buddy-1.10.22.jar;E:\Program Files\maven_work\maven_respository\repository\net\bytebuddy\byte-buddy-agent\1.10.22\byte-buddy-agent-1.10.22.jar;E:\Program Files\maven_work\maven_respository\repository\org\objenesis\objenesis\3.2\objenesis-3.2.jar;E:\Program Files\maven_work\maven_respository\repository\org\mockito\mockito-junit-jupiter\3.9.0\mockito-junit-jupiter-3.9.0.jar;E:\Program Files\maven_work\maven_respository\repository\org\skyscreamer\jsonassert\1.5.0\jsonassert-1.5.0.jar;E:\Program Files\maven_work\maven_respository\repository\com\vaadin\external\google\android-json\0.0.20131108.vaadin1\android-json-0.0.20131108.vaadin1.jar;E:\Program Files\maven_work\maven_respository\repository\org\springframework\spring-core\5.3.8\spring-core-5.3.8.jar;E:\Program Files\maven_work\maven_respository\repository\org\springframework\spring-jcl\5.3.8\spring-jcl-5.3.8.jar;E:\Program Files\maven_work\maven_respository\repository\org\springframework\spring-test\5.3.8\spring-test-5.3.8.jar;E:\Program Files\maven_work\maven_respository\repository\org\xmlunit\xmlunit-core\2.8.2\xmlunit-core-2.8.2.jar;E:\Program Files\maven_work\maven_respository\repository\org\projectlombok\lombok\1.18.20\lombok-1.18.20.jar;E:\Program Files\maven_work\maven_respository\repository\mysql\mysql-connector-java\8.0.25\mysql-connector-java-8.0.25.jar;E:\Program Files\maven_work\maven_respository\repository\org\mybatis\spring\boot\mybatis-spring-boot-starter\2.1.4\mybatis-spring-boot-starter-2.1.4.jar;E:\Program Files\maven_work\maven_respository\repository\org\springframework\boot\spring-boot-starter-jdbc\2.5.2\spring-boot-starter-jdbc-2.5.2.jar;E:\Program Files\maven_work\maven_respository\repository\com\zaxxer\HikariCP\4.0.3\HikariCP-4.0.3.jar;E:\Program Files\maven_work\maven_respository\repository\org\springframework\spring-jdbc\5.3.8\spring-jdbc-5.3.8.jar;E:\Program Files\maven_work\maven_respository\repository\org\mybatis\spring\boot\mybatis-spring-boot-autoconfigure\2.1.4\mybatis-spring-boot-autoconfigure-2.1.4.jar;E:\Program Files\maven_work\maven_respository\repository\org\mybatis\mybatis\3.5.6\mybatis-3.5.6.jar;E:\Program Files\maven_work\maven_respository\repository\org\mybatis\mybatis-spring\2.0.6\mybatis-spring-2.0.6.jar;E:\Program Files\maven_work\maven_respository\repository\com\alibaba\fastjson\1.2.58\fastjson-1.2.58.jar;E:\Program Files\maven_work\maven_respository\repository\org\apache\commons\commons-email\1.4\commons-email-1.4.jar;E:\Program Files\maven_work\maven_respository\repository\com\sun\mail\javax.mail\1.5.2\javax.mail-1.5.2.jar;E:\Program Files\maven_work\maven_respository\repository\javax\activation\activation\1.1.1\activation-1.1.1.jar;E:\Program Files\maven_work\maven_respository\repository\com\zhenzikj\zhenzisms\2.0.2\zhenzisms-2.0.2.jar;E:\Program Files\maven_work\maven_respository\repository\org\springframework\boot\spring-boot-starter-data-redis\2.5.2\spring-boot-starter-data-redis-2.5.2.jar;E:\Program Files\maven_work\maven_respository\repository\org\springframework\data\spring-data-redis\2.5.2\spring-data-redis-2.5.2.jar;E:\Program Files\maven_work\maven_respository\repository\org\springframework\data\spring-data-keyvalue\2.5.2\spring-data-keyvalue-2.5.2.jar;E:\Program Files\maven_work\maven_respository\repository\org\springframework\data\spring-data-commons\2.5.2\spring-data-commons-2.5.2.jar;E:\Program Files\maven_work\maven_respository\repository\org\springframework\spring-tx\5.3.8\spring-tx-5.3.8.jar;E:\Program Files\maven_work\maven_respository\repository\org\springframework\spring-oxm\5.3.8\spring-oxm-5.3.8.jar;E:\Program Files\maven_work\maven_respository\repository\org\springframework\spring-context-support\5.3.8\spring-context-support-5.3.8.jar;E:\Program Files\maven_work\maven_respository\repository\io\lettuce\lettuce-core\6.1.3.RELEASE\lettuce-core-6.1.3.RELEASE.jar;E:\Program Files\maven_work\maven_respository\repository\io\netty\netty-common\4.1.65.Final\netty-common-4.1.65.Final.jar;E:\Program Files\maven_work\maven_respository\repository\io\netty\netty-handler\4.1.65.Final\netty-handler-4.1.65.Final.jar;E:\Program Files\maven_work\maven_respository\repository\io\netty\netty-resolver\4.1.65.Final\netty-resolver-4.1.65.Final.jar;E:\Program Files\maven_work\maven_respository\repository\io\netty\netty-buffer\4.1.65.Final\netty-buffer-4.1.65.Final.jar;E:\Program Files\maven_work\maven_respository\repository\io\netty\netty-codec\4.1.65.Final\netty-codec-4.1.65.Final.jar;E:\Program Files\maven_work\maven_respository\repository\io\netty\netty-transport\4.1.65.Final\netty-transport-4.1.65.Final.jar;E:\Program Files\maven_work\maven_respository\repository\io\projectreactor\reactor-core\3.4.7\reactor-core-3.4.7.jar;E:\Program Files\maven_work\maven_respository\repository\org\reactivestreams\reactive-streams\1.0.3\reactive-streams-1.0.3.jar;E:\Program Files\maven_work\maven_respository\repository\redis\clients\jedis\3.2.0\jedis-3.2.0.jar;E:\Program Files\maven_work\maven_respository\repository\org\slf4j\slf4j-api\1.7.31\slf4j-api-1.7.31.jar;E:\Program Files\maven_work\maven_respository\repository\org\apache\commons\commons-pool2\2.9.0\commons-pool2-2.9.0.jar;E:\Program Files\maven_work\maven_respository\repository\io\jsonwebtoken\jjwt\0.7.0\jjwt-0.7.0.jar;E:\Program Files\maven_work\maven_respository\repository\com\fasterxml\jackson\core\jackson-databind\2.12.3\jackson-databind-2.12.3.jar;E:\Program Files\maven_work\maven_respository\repository\com\fasterxml\jackson\core\jackson-annotations\2.12.3\jackson-annotations-2.12.3.jar;E:\Program Files\maven_work\maven_respository\repository\com\fasterxml\jackson\core\jackson-core\2.12.3\jackson-core-2.12.3.jar;E:\Program Files\maven_work\maven_respository\repository\org\csource\fastdfs-client-java\1.27-SNAPSHOT\fastdfs-client-java-1.27-SNAPSHOT.jar;E:\Program Files\maven_work\maven_respository\repository\org\apache\commons\commons-lang3\3.9\commons-lang3-3.9.jar;E:\Program Files\maven_work\maven_respository\repository\cn\hutool\hutool-all\4.6.1\hutool-all-4.6.1.jar;E:\Program Files\maven_work\maven_respository\repository\com\google\guava\guava\26.0-jre\guava-26.0-jre.jar;E:\Program Files\maven_work\maven_respository\repository\com\google\code\findbugs\jsr305\3.0.2\jsr305-3.0.2.jar;E:\Program Files\maven_work\maven_respository\repository\org\checkerframework\checker-qual\2.5.2\checker-qual-2.5.2.jar;E:\Program Files\maven_work\maven_respository\repository\com\google\errorprone\error_prone_annotations\2.1.3\error_prone_annotations-2.1.3.jar;E:\Program Files\maven_work\maven_respository\repository\com\google\j2objc\j2objc-annotations\1.1\j2objc-annotations-1.1.jar;E:\Program Files\maven_work\maven_respository\repository\org\codehaus\mojo\animal-sniffer-annotations\1.14\animal-sniffer-annotations-1.14.jar;D:\题and代码\2020.11.18开始\接的项目\demo-20220411-maruitao-bisai\lib\arcsoft-sdk-face-3.0.0.0.jar;E:\Program Files\maven_work\maven_respository\repository\com\alibaba\druid-spring-boot-starter\1.1.18\druid-spring-boot-starter-1.1.18.jar;E:\Program Files\maven_work\maven_respository\repository\com\alibaba\druid\1.1.18\druid-1.1.18.jar;E:\Program Files\maven_work\maven_respository\repository\org\springframework\boot\spring-boot-autoconfigure\2.5.2\spring-boot-autoconfigure-2.5.2.jar;E:\Program Files\maven_work\maven_respository\repository\com\baidu\aip\java-sdk\4.12.0\java-sdk-4.12.0.jar;E:\Program Files\maven_work\maven_respository\repository\org\json\json\20160810\json-20160810.jar;E:\Program Files\maven_work\maven_respository\repository\org\slf4j\slf4j-simple\1.7.31\slf4j-simple-1.7.31.jar;E:\Program Files\maven_work\maven_respository\repository\io\springfox\springfox-swagger2\2.9.2\springfox-swagger2-2.9.2.jar;E:\Program Files\maven_work\maven_respository\repository\io\swagger\swagger-annotations\1.5.20\swagger-annotations-1.5.20.jar;E:\Program Files\maven_work\maven_respository\repository\io\swagger\swagger-models\1.5.20\swagger-models-1.5.20.jar;E:\Program Files\maven_work\maven_respository\repository\io\springfox\springfox-spi\2.9.2\springfox-spi-2.9.2.jar;E:\Program Files\maven_work\maven_respository\repository\io\springfox\springfox-core\2.9.2\springfox-core-2.9.2.jar;E:\Program Files\maven_work\maven_respository\repository\io\springfox\springfox-schema\2.9.2\springfox-schema-2.9.2.jar;E:\Program Files\maven_work\maven_respository\repository\io\springfox\springfox-swagger-common\2.9.2\springfox-swagger-common-2.9.2.jar;E:\Program Files\maven_work\maven_respository\repository\io\springfox\springfox-spring-web\2.9.2\springfox-spring-web-2.9.2.jar;E:\Program Files\maven_work\maven_respository\repository\com\fasterxml\classmate\1.5.1\classmate-1.5.1.jar;E:\Program Files\maven_work\maven_respository\repository\org\springframework\plugin\spring-plugin-core\1.2.0.RELEASE\spring-plugin-core-1.2.0.RELEASE.jar;E:\Program Files\maven_work\maven_respository\repository\org\springframework\plugin\spring-plugin-metadata\1.2.0.RELEASE\spring-plugin-metadata-1.2.0.RELEASE.jar;E:\Program Files\maven_work\maven_respository\repository\org\mapstruct\mapstruct\1.2.0.Final\mapstruct-1.2.0.Final.jar;E:\Program Files\maven_work\maven_respository\repository\io\springfox\springfox-swagger-ui\2.9.2\springfox-swagger-ui-2.9.2.jar;E:\Program Files\maven_work\maven_respository\repository\com\github\pagehelper\pagehelper-spring-boot-starter\1.2.3\pagehelper-spring-boot-starter-1.2.3.jar;E:\Program Files\maven_work\maven_respository\repository\com\github\pagehelper\pagehelper-spring-boot-autoconfigure\1.2.3\pagehelper-spring-boot-autoconfigure-1.2.3.jar;E:\Program Files\maven_work\maven_respository\repository\com\github\pagehelper\pagehelper\5.1.2\pagehelper-5.1.2.jar;E:\Program Files\maven_work\maven_respository\repository\com\github\jsqlparser\jsqlparser\1.0\jsqlparser-1.0.jar;"/>
    <property name="java.vm.vendor" value="Oracle Corporation"/>
    <property name="sun.arch.data.model" value="64"/>
    <property name="user.variant" value=""/>
    <property name="java.vendor.url" value="http://java.oracle.com/"/>
    <property name="user.timezone" value="Asia/Shanghai"/>
    <property name="java.vm.specification.version" value="1.8"/>
    <property name="os.name" value="Windows 10"/>
    <property name="user.country" value="CN"/>
    <property name="sun.java.launcher" value="SUN_STANDARD"/>
    <property name="sun.boot.library.path" value="E:\Program Files\jre1.8.0_181\jdk1.8.0_181\jre\bin"/>
    <property name="sun.java.command" value="C:\Users\lenovo\AppData\Local\Temp\surefire8172749003840574748\surefirebooter8863049408933429477.jar C:\Users\lenovo\AppData\Local\Temp\surefire8172749003840574748 2022-05-08T23-15-42_818-jvmRun1 surefire7419765135603411988tmp surefire_03347747004872937193tmp"/>
    <property name="surefire.test.class.path" value="D:\题and代码\2020.11.18开始\接的项目\demo-20220411-maruitao-bisai\target\test-classes;D:\题and代码\2020.11.18开始\接的项目\demo-20220411-maruitao-bisai\target\classes;E:\Program Files\maven_work\maven_respository\repository\org\springframework\boot\spring-boot-starter-web\2.5.2\spring-boot-starter-web-2.5.2.jar;E:\Program Files\maven_work\maven_respository\repository\org\springframework\boot\spring-boot-starter\2.5.2\spring-boot-starter-2.5.2.jar;E:\Program Files\maven_work\maven_respository\repository\org\springframework\boot\spring-boot\2.5.2\spring-boot-2.5.2.jar;E:\Program Files\maven_work\maven_respository\repository\org\springframework\boot\spring-boot-starter-logging\2.5.2\spring-boot-starter-logging-2.5.2.jar;E:\Program Files\maven_work\maven_respository\repository\ch\qos\logback\logback-classic\1.2.3\logback-classic-1.2.3.jar;E:\Program Files\maven_work\maven_respository\repository\ch\qos\logback\logback-core\1.2.3\logback-core-1.2.3.jar;E:\Program Files\maven_work\maven_respository\repository\org\apache\logging\log4j\log4j-to-slf4j\2.14.1\log4j-to-slf4j-2.14.1.jar;E:\Program Files\maven_work\maven_respository\repository\org\apache\logging\log4j\log4j-api\2.14.1\log4j-api-2.14.1.jar;E:\Program Files\maven_work\maven_respository\repository\org\slf4j\jul-to-slf4j\1.7.31\jul-to-slf4j-1.7.31.jar;E:\Program Files\maven_work\maven_respository\repository\jakarta\annotation\jakarta.annotation-api\1.3.5\jakarta.annotation-api-1.3.5.jar;E:\Program Files\maven_work\maven_respository\repository\org\yaml\snakeyaml\1.28\snakeyaml-1.28.jar;E:\Program Files\maven_work\maven_respository\repository\org\springframework\boot\spring-boot-starter-json\2.5.2\spring-boot-starter-json-2.5.2.jar;E:\Program Files\maven_work\maven_respository\repository\com\fasterxml\jackson\datatype\jackson-datatype-jdk8\2.12.3\jackson-datatype-jdk8-2.12.3.jar;E:\Program Files\maven_work\maven_respository\repository\com\fasterxml\jackson\datatype\jackson-datatype-jsr310\2.12.3\jackson-datatype-jsr310-2.12.3.jar;E:\Program Files\maven_work\maven_respository\repository\com\fasterxml\jackson\module\jackson-module-parameter-names\2.12.3\jackson-module-parameter-names-2.12.3.jar;E:\Program Files\maven_work\maven_respository\repository\org\springframework\boot\spring-boot-starter-tomcat\2.5.2\spring-boot-starter-tomcat-2.5.2.jar;E:\Program Files\maven_work\maven_respository\repository\org\apache\tomcat\embed\tomcat-embed-core\9.0.48\tomcat-embed-core-9.0.48.jar;E:\Program Files\maven_work\maven_respository\repository\org\apache\tomcat\embed\tomcat-embed-el\9.0.48\tomcat-embed-el-9.0.48.jar;E:\Program Files\maven_work\maven_respository\repository\org\apache\tomcat\embed\tomcat-embed-websocket\9.0.48\tomcat-embed-websocket-9.0.48.jar;E:\Program Files\maven_work\maven_respository\repository\org\springframework\spring-web\5.3.8\spring-web-5.3.8.jar;E:\Program Files\maven_work\maven_respository\repository\org\springframework\spring-beans\5.3.8\spring-beans-5.3.8.jar;E:\Program Files\maven_work\maven_respository\repository\org\springframework\spring-webmvc\5.3.8\spring-webmvc-5.3.8.jar;E:\Program Files\maven_work\maven_respository\repository\org\springframework\spring-aop\5.3.8\spring-aop-5.3.8.jar;E:\Program Files\maven_work\maven_respository\repository\org\springframework\spring-context\5.3.8\spring-context-5.3.8.jar;E:\Program Files\maven_work\maven_respository\repository\org\springframework\spring-expression\5.3.8\spring-expression-5.3.8.jar;E:\Program Files\maven_work\maven_respository\repository\org\springframework\boot\spring-boot-starter-test\2.5.2\spring-boot-starter-test-2.5.2.jar;E:\Program Files\maven_work\maven_respository\repository\org\springframework\boot\spring-boot-test\2.5.2\spring-boot-test-2.5.2.jar;E:\Program Files\maven_work\maven_respository\repository\org\springframework\boot\spring-boot-test-autoconfigure\2.5.2\spring-boot-test-autoconfigure-2.5.2.jar;E:\Program Files\maven_work\maven_respository\repository\com\jayway\jsonpath\json-path\2.5.0\json-path-2.5.0.jar;E:\Program Files\maven_work\maven_respository\repository\net\minidev\json-smart\2.4.7\json-smart-2.4.7.jar;E:\Program Files\maven_work\maven_respository\repository\net\minidev\accessors-smart\2.4.7\accessors-smart-2.4.7.jar;E:\Program Files\maven_work\maven_respository\repository\org\ow2\asm\asm\9.1\asm-9.1.jar;E:\Program Files\maven_work\maven_respository\repository\jakarta\xml\bind\jakarta.xml.bind-api\2.3.3\jakarta.xml.bind-api-2.3.3.jar;E:\Program Files\maven_work\maven_respository\repository\jakarta\activation\jakarta.activation-api\1.2.2\jakarta.activation-api-1.2.2.jar;E:\Program Files\maven_work\maven_respository\repository\org\assertj\assertj-core\3.19.0\assertj-core-3.19.0.jar;E:\Program Files\maven_work\maven_respository\repository\org\hamcrest\hamcrest\2.2\hamcrest-2.2.jar;E:\Program Files\maven_work\maven_respository\repository\org\junit\jupiter\junit-jupiter\5.7.2\junit-jupiter-5.7.2.jar;E:\Program Files\maven_work\maven_respository\repository\org\junit\jupiter\junit-jupiter-api\5.7.2\junit-jupiter-api-5.7.2.jar;E:\Program Files\maven_work\maven_respository\repository\org\apiguardian\apiguardian-api\1.1.0\apiguardian-api-1.1.0.jar;E:\Program Files\maven_work\maven_respository\repository\org\opentest4j\opentest4j\1.2.0\opentest4j-1.2.0.jar;E:\Program Files\maven_work\maven_respository\repository\org\junit\platform\junit-platform-commons\1.7.2\junit-platform-commons-1.7.2.jar;E:\Program Files\maven_work\maven_respository\repository\org\junit\jupiter\junit-jupiter-params\5.7.2\junit-jupiter-params-5.7.2.jar;E:\Program Files\maven_work\maven_respository\repository\org\junit\jupiter\junit-jupiter-engine\5.7.2\junit-jupiter-engine-5.7.2.jar;E:\Program Files\maven_work\maven_respository\repository\org\junit\platform\junit-platform-engine\1.7.2\junit-platform-engine-1.7.2.jar;E:\Program Files\maven_work\maven_respository\repository\org\mockito\mockito-core\3.9.0\mockito-core-3.9.0.jar;E:\Program Files\maven_work\maven_respository\repository\net\bytebuddy\byte-buddy\1.10.22\byte-buddy-1.10.22.jar;E:\Program Files\maven_work\maven_respository\repository\net\bytebuddy\byte-buddy-agent\1.10.22\byte-buddy-agent-1.10.22.jar;E:\Program Files\maven_work\maven_respository\repository\org\objenesis\objenesis\3.2\objenesis-3.2.jar;E:\Program Files\maven_work\maven_respository\repository\org\mockito\mockito-junit-jupiter\3.9.0\mockito-junit-jupiter-3.9.0.jar;E:\Program Files\maven_work\maven_respository\repository\org\skyscreamer\jsonassert\1.5.0\jsonassert-1.5.0.jar;E:\Program Files\maven_work\maven_respository\repository\com\vaadin\external\google\android-json\0.0.20131108.vaadin1\android-json-0.0.20131108.vaadin1.jar;E:\Program Files\maven_work\maven_respository\repository\org\springframework\spring-core\5.3.8\spring-core-5.3.8.jar;E:\Program Files\maven_work\maven_respository\repository\org\springframework\spring-jcl\5.3.8\spring-jcl-5.3.8.jar;E:\Program Files\maven_work\maven_respository\repository\org\springframework\spring-test\5.3.8\spring-test-5.3.8.jar;E:\Program Files\maven_work\maven_respository\repository\org\xmlunit\xmlunit-core\2.8.2\xmlunit-core-2.8.2.jar;E:\Program Files\maven_work\maven_respository\repository\org\projectlombok\lombok\1.18.20\lombok-1.18.20.jar;E:\Program Files\maven_work\maven_respository\repository\mysql\mysql-connector-java\8.0.25\mysql-connector-java-8.0.25.jar;E:\Program Files\maven_work\maven_respository\repository\org\mybatis\spring\boot\mybatis-spring-boot-starter\2.1.4\mybatis-spring-boot-starter-2.1.4.jar;E:\Program Files\maven_work\maven_respository\repository\org\springframework\boot\spring-boot-starter-jdbc\2.5.2\spring-boot-starter-jdbc-2.5.2.jar;E:\Program Files\maven_work\maven_respository\repository\com\zaxxer\HikariCP\4.0.3\HikariCP-4.0.3.jar;E:\Program Files\maven_work\maven_respository\repository\org\springframework\spring-jdbc\5.3.8\spring-jdbc-5.3.8.jar;E:\Program Files\maven_work\maven_respository\repository\org\mybatis\spring\boot\mybatis-spring-boot-autoconfigure\2.1.4\mybatis-spring-boot-autoconfigure-2.1.4.jar;E:\Program Files\maven_work\maven_respository\repository\org\mybatis\mybatis\3.5.6\mybatis-3.5.6.jar;E:\Program Files\maven_work\maven_respository\repository\org\mybatis\mybatis-spring\2.0.6\mybatis-spring-2.0.6.jar;E:\Program Files\maven_work\maven_respository\repository\com\alibaba\fastjson\1.2.58\fastjson-1.2.58.jar;E:\Program Files\maven_work\maven_respository\repository\org\apache\commons\commons-email\1.4\commons-email-1.4.jar;E:\Program Files\maven_work\maven_respository\repository\com\sun\mail\javax.mail\1.5.2\javax.mail-1.5.2.jar;E:\Program Files\maven_work\maven_respository\repository\javax\activation\activation\1.1.1\activation-1.1.1.jar;E:\Program Files\maven_work\maven_respository\repository\com\zhenzikj\zhenzisms\2.0.2\zhenzisms-2.0.2.jar;E:\Program Files\maven_work\maven_respository\repository\org\springframework\boot\spring-boot-starter-data-redis\2.5.2\spring-boot-starter-data-redis-2.5.2.jar;E:\Program Files\maven_work\maven_respository\repository\org\springframework\data\spring-data-redis\2.5.2\spring-data-redis-2.5.2.jar;E:\Program Files\maven_work\maven_respository\repository\org\springframework\data\spring-data-keyvalue\2.5.2\spring-data-keyvalue-2.5.2.jar;E:\Program Files\maven_work\maven_respository\repository\org\springframework\data\spring-data-commons\2.5.2\spring-data-commons-2.5.2.jar;E:\Program Files\maven_work\maven_respository\repository\org\springframework\spring-tx\5.3.8\spring-tx-5.3.8.jar;E:\Program Files\maven_work\maven_respository\repository\org\springframework\spring-oxm\5.3.8\spring-oxm-5.3.8.jar;E:\Program Files\maven_work\maven_respository\repository\org\springframework\spring-context-support\5.3.8\spring-context-support-5.3.8.jar;E:\Program Files\maven_work\maven_respository\repository\io\lettuce\lettuce-core\6.1.3.RELEASE\lettuce-core-6.1.3.RELEASE.jar;E:\Program Files\maven_work\maven_respository\repository\io\netty\netty-common\4.1.65.Final\netty-common-4.1.65.Final.jar;E:\Program Files\maven_work\maven_respository\repository\io\netty\netty-handler\4.1.65.Final\netty-handler-4.1.65.Final.jar;E:\Program Files\maven_work\maven_respository\repository\io\netty\netty-resolver\4.1.65.Final\netty-resolver-4.1.65.Final.jar;E:\Program Files\maven_work\maven_respository\repository\io\netty\netty-buffer\4.1.65.Final\netty-buffer-4.1.65.Final.jar;E:\Program Files\maven_work\maven_respository\repository\io\netty\netty-codec\4.1.65.Final\netty-codec-4.1.65.Final.jar;E:\Program Files\maven_work\maven_respository\repository\io\netty\netty-transport\4.1.65.Final\netty-transport-4.1.65.Final.jar;E:\Program Files\maven_work\maven_respository\repository\io\projectreactor\reactor-core\3.4.7\reactor-core-3.4.7.jar;E:\Program Files\maven_work\maven_respository\repository\org\reactivestreams\reactive-streams\1.0.3\reactive-streams-1.0.3.jar;E:\Program Files\maven_work\maven_respository\repository\redis\clients\jedis\3.2.0\jedis-3.2.0.jar;E:\Program Files\maven_work\maven_respository\repository\org\slf4j\slf4j-api\1.7.31\slf4j-api-1.7.31.jar;E:\Program Files\maven_work\maven_respository\repository\org\apache\commons\commons-pool2\2.9.0\commons-pool2-2.9.0.jar;E:\Program Files\maven_work\maven_respository\repository\io\jsonwebtoken\jjwt\0.7.0\jjwt-0.7.0.jar;E:\Program Files\maven_work\maven_respository\repository\com\fasterxml\jackson\core\jackson-databind\2.12.3\jackson-databind-2.12.3.jar;E:\Program Files\maven_work\maven_respository\repository\com\fasterxml\jackson\core\jackson-annotations\2.12.3\jackson-annotations-2.12.3.jar;E:\Program Files\maven_work\maven_respository\repository\com\fasterxml\jackson\core\jackson-core\2.12.3\jackson-core-2.12.3.jar;E:\Program Files\maven_work\maven_respository\repository\org\csource\fastdfs-client-java\1.27-SNAPSHOT\fastdfs-client-java-1.27-SNAPSHOT.jar;E:\Program Files\maven_work\maven_respository\repository\org\apache\commons\commons-lang3\3.9\commons-lang3-3.9.jar;E:\Program Files\maven_work\maven_respository\repository\cn\hutool\hutool-all\4.6.1\hutool-all-4.6.1.jar;E:\Program Files\maven_work\maven_respository\repository\com\google\guava\guava\26.0-jre\guava-26.0-jre.jar;E:\Program Files\maven_work\maven_respository\repository\com\google\code\findbugs\jsr305\3.0.2\jsr305-3.0.2.jar;E:\Program Files\maven_work\maven_respository\repository\org\checkerframework\checker-qual\2.5.2\checker-qual-2.5.2.jar;E:\Program Files\maven_work\maven_respository\repository\com\google\errorprone\error_prone_annotations\2.1.3\error_prone_annotations-2.1.3.jar;E:\Program Files\maven_work\maven_respository\repository\com\google\j2objc\j2objc-annotations\1.1\j2objc-annotations-1.1.jar;E:\Program Files\maven_work\maven_respository\repository\org\codehaus\mojo\animal-sniffer-annotations\1.14\animal-sniffer-annotations-1.14.jar;D:\题and代码\2020.11.18开始\接的项目\demo-20220411-maruitao-bisai\lib\arcsoft-sdk-face-3.0.0.0.jar;E:\Program Files\maven_work\maven_respository\repository\com\alibaba\druid-spring-boot-starter\1.1.18\druid-spring-boot-starter-1.1.18.jar;E:\Program Files\maven_work\maven_respository\repository\com\alibaba\druid\1.1.18\druid-1.1.18.jar;E:\Program Files\maven_work\maven_respository\repository\org\springframework\boot\spring-boot-autoconfigure\2.5.2\spring-boot-autoconfigure-2.5.2.jar;E:\Program Files\maven_work\maven_respository\repository\com\baidu\aip\java-sdk\4.12.0\java-sdk-4.12.0.jar;E:\Program Files\maven_work\maven_respository\repository\org\json\json\20160810\json-20160810.jar;E:\Program Files\maven_work\maven_respository\repository\org\slf4j\slf4j-simple\1.7.31\slf4j-simple-1.7.31.jar;E:\Program Files\maven_work\maven_respository\repository\io\springfox\springfox-swagger2\2.9.2\springfox-swagger2-2.9.2.jar;E:\Program Files\maven_work\maven_respository\repository\io\swagger\swagger-annotations\1.5.20\swagger-annotations-1.5.20.jar;E:\Program Files\maven_work\maven_respository\repository\io\swagger\swagger-models\1.5.20\swagger-models-1.5.20.jar;E:\Program Files\maven_work\maven_respository\repository\io\springfox\springfox-spi\2.9.2\springfox-spi-2.9.2.jar;E:\Program Files\maven_work\maven_respository\repository\io\springfox\springfox-core\2.9.2\springfox-core-2.9.2.jar;E:\Program Files\maven_work\maven_respository\repository\io\springfox\springfox-schema\2.9.2\springfox-schema-2.9.2.jar;E:\Program Files\maven_work\maven_respository\repository\io\springfox\springfox-swagger-common\2.9.2\springfox-swagger-common-2.9.2.jar;E:\Program Files\maven_work\maven_respository\repository\io\springfox\springfox-spring-web\2.9.2\springfox-spring-web-2.9.2.jar;E:\Program Files\maven_work\maven_respository\repository\com\fasterxml\classmate\1.5.1\classmate-1.5.1.jar;E:\Program Files\maven_work\maven_respository\repository\org\springframework\plugin\spring-plugin-core\1.2.0.RELEASE\spring-plugin-core-1.2.0.RELEASE.jar;E:\Program Files\maven_work\maven_respository\repository\org\springframework\plugin\spring-plugin-metadata\1.2.0.RELEASE\spring-plugin-metadata-1.2.0.RELEASE.jar;E:\Program Files\maven_work\maven_respository\repository\org\mapstruct\mapstruct\1.2.0.Final\mapstruct-1.2.0.Final.jar;E:\Program Files\maven_work\maven_respository\repository\io\springfox\springfox-swagger-ui\2.9.2\springfox-swagger-ui-2.9.2.jar;E:\Program Files\maven_work\maven_respository\repository\com\github\pagehelper\pagehelper-spring-boot-starter\1.2.3\pagehelper-spring-boot-starter-1.2.3.jar;E:\Program Files\maven_work\maven_respository\repository\com\github\pagehelper\pagehelper-spring-boot-autoconfigure\1.2.3\pagehelper-spring-boot-autoconfigure-1.2.3.jar;E:\Program Files\maven_work\maven_respository\repository\com\github\pagehelper\pagehelper\5.1.2\pagehelper-5.1.2.jar;E:\Program Files\maven_work\maven_respository\repository\com\github\jsqlparser\jsqlparser\1.0\jsqlparser-1.0.jar;"/>
    <property name="sun.cpu.endian" value="little"/>
    <property name="user.home" value="C:\Users\lenovo"/>
    <property name="user.language" value="zh"/>
    <property name="java.specification.vendor" value="Oracle Corporation"/>
    <property name="java.home" value="E:\Program Files\jre1.8.0_181\jdk1.8.0_181\jre"/>
    <property name="basedir" value="D:\题and代码\2020.11.18开始\接的项目\demo-20220411-maruitao-bisai"/>
    <property name="file.separator" value="\"/>
    <property name="line.separator" value="&#10;"/>
    <property name="java.vm.specification.vendor" value="Oracle Corporation"/>
    <property name="java.specification.name" value="Java Platform API Specification"/>
    <property name="java.awt.graphicsenv" value="sun.awt.Win32GraphicsEnvironment"/>
    <property name="surefire.real.class.path" value="C:\Users\lenovo\AppData\Local\Temp\surefire8172749003840574748\surefirebooter8863049408933429477.jar"/>
    <property name="sun.boot.class.path" value="E:\Program Files\jre1.8.0_181\jdk1.8.0_181\jre\lib\resources.jar;E:\Program Files\jre1.8.0_181\jdk1.8.0_181\jre\lib\rt.jar;E:\Program Files\jre1.8.0_181\jdk1.8.0_181\jre\lib\sunrsasign.jar;E:\Program Files\jre1.8.0_181\jdk1.8.0_181\jre\lib\jsse.jar;E:\Program Files\jre1.8.0_181\jdk1.8.0_181\jre\lib\jce.jar;E:\Program Files\jre1.8.0_181\jdk1.8.0_181\jre\lib\charsets.jar;E:\Program Files\jre1.8.0_181\jdk1.8.0_181\jre\lib\jfr.jar;E:\Program Files\jre1.8.0_181\jdk1.8.0_181\jre\classes"/>
    <property name="user.script" value=""/>
    <property name="sun.management.compiler" value="HotSpot 64-Bit Tiered Compilers"/>
    <property name="java.runtime.version" value="1.8.0_181-b13"/>
    <property name="user.name" value="武龙坤"/>
    <property name="path.separator" value=";"/>
    <property name="os.version" value="10.0"/>
    <property name="java.endorsed.dirs" value="E:\Program Files\jre1.8.0_181\jdk1.8.0_181\jre\lib\endorsed"/>
    <property name="java.runtime.name" value="Java(TM) SE Runtime Environment"/>
    <property name="file.encoding" value="GBK"/>
    <property name="java.vm.name" value="Java HotSpot(TM) 64-Bit Server VM"/>
    <property name="localRepository" value="E:\Program Files\maven_work\maven_respository\repository"/>
    <property name="java.vendor.url.bug" value="http://bugreport.sun.com/bugreport/"/>
    <property name="java.io.tmpdir" value="C:\Users\lenovo\AppData\Local\Temp\"/>
    <property name="java.version" value="1.8.0_181"/>
    <property name="user.dir" value="D:\题and代码\2020.11.18开始\接的项目\demo-20220411-maruitao-bisai"/>
    <property name="os.arch" value="amd64"/>
    <property name="java.vm.specification.name" value="Java Virtual Machine Specification"/>
    <property name="java.awt.printerjob" value="sun.awt.windows.WPrinterJob"/>
    <property name="sun.os.patch.level" value=""/>
    <property name="idea.version2019.3.3" value="true"/>
    <property name="java.library.path" value="E:\Program Files\jre1.8.0_181\jdk1.8.0_181\jre\bin;C:\WINDOWS\Sun\Java\bin;C:\WINDOWS\system32;C:\WINDOWS;C:\Windows\system32;C:\Windows;C:\Windows\System32\Wbem;C:\Windows\System32\WindowsPowerShell\v1.0\;C:\Windows\System32\OpenSSH\;C:\Program Files (x86)\NVIDIA Corporation\PhysX\Common;C:\Program Files\NVIDIA Corporation\NVIDIA NvDLISR;E:\Program Files\jre1.8.0_181\jdk1.8.0_181\bin;E:\Program Files\jre1.8.0_181\jdk1.8.0_181\jre\bin;C:\Program Files\MySQL\MySQL Server 8.0\bin;E:\Program Files\maven_work\apache-maven-3.6.3\bin;C:\WINDOWS\system32;C:\WINDOWS;C:\WINDOWS\System32\Wbem;C:\WINDOWS\System32\WindowsPowerShell\v1.0\;C:\WINDOWS\System32\OpenSSH\;E:\Program Files\GO\bin;E:\Program Files\Git\cmd;E:\Program Files\Python3.9.2\Scripts\;E:\Program Files\Python3.9.2\;C:\Users\lenovo\AppData\Local\Microsoft\WindowsApps;F:\bandizip\;E:\Program Files\JetBrains\IntelliJ IDEA 2020.1.1\bin;;C:\Users\lenovo\AppData\Local\Pandoc\;E:\Program Files\Microsoft VS Code\bin;E:\Program Files\opencv\opencv\build\x64\vc14\bin;E:\Program Files\opencv\opencv\build\x64\vc14\lib;E:\Program Files\opencv\opencv\build\x64\vc15\bin;E:\Program Files\opencv\opencv\build\x64\vc15\lib;C:\Users\lenovo\go\bin;."/>
    <property name="java.vm.info" value="mixed mode"/>
    <property name="java.vendor" value="Oracle Corporation"/>
    <property name="java.vm.version" value="25.181-b13"/>
    <property name="java.ext.dirs" value="E:\Program Files\jre1.8.0_181\jdk1.8.0_181\jre\lib\ext;C:\WINDOWS\Sun\Java\lib\ext"/>
    <property name="sun.io.unicode.encoding" value="UnicodeLittle"/>
    <property name="java.class.version" value="52.0"/>
  </properties>
  <testcase name="contextLoads" classname="com.akun.demo.DemoApplicationTests" time="0.416"/>
</testsuite>